2025-12-08 16:07:09,556 - conftest.py:[51] - INFO - Chrome browser launched
2025-12-08 16:07:11,176 - test_carwale.py:[26] - INFO - Starting test_signup in directory: D:\Programming\PythonProgramming\PageObjectModelFramework
2025-12-08 16:07:11,177 - test_carwale.py:[27] - INFO - **********Inside New Cars Test**********
2025-12-08 16:07:11,472 - base_page.py:[184] - INFO - Moved to element with locator: newCar_XPATH
2025-12-08 16:07:11,545 - base_page.py:[61] - INFO - Clicked on element with locator: findNewCars_XPATH
2025-12-08 16:07:11,814 - base_page.py:[61] - INFO - Clicked on element with locator: hyundai_XPATH
2025-12-08 16:07:16,841 - conftest.py:[51] - INFO - Chrome browser launched
2025-12-08 16:07:18,704 - test_carwale.py:[26] - INFO - Starting test_signup in directory: D:\Programming\PythonProgramming\PageObjectModelFramework
2025-12-08 16:07:18,704 - test_carwale.py:[27] - INFO - **********Inside New Cars Test**********
2025-12-08 16:07:18,984 - base_page.py:[184] - INFO - Moved to element with locator: newCar_XPATH
2025-12-08 16:07:19,058 - base_page.py:[61] - INFO - Clicked on element with locator: findNewCars_XPATH
2025-12-08 16:07:19,235 - base_page.py:[61] - INFO - Clicked on element with locator: toyota_XPATH
2025-12-08 16:07:29,502 - conftest.py:[51] - INFO - Chrome browser launched
2025-12-08 16:07:30,889 - test_carwale.py:[26] - INFO - Starting test_signup in directory: D:\Programming\PythonProgramming\PageObjectModelFramework
2025-12-08 16:07:30,889 - test_carwale.py:[27] - INFO - **********Inside New Cars Test**********
2025-12-08 16:07:31,180 - base_page.py:[184] - INFO - Moved to element with locator: newCar_XPATH
2025-12-08 16:07:31,260 - base_page.py:[61] - INFO - Clicked on element with locator: findNewCars_XPATH
2025-12-08 16:07:31,462 - base_page.py:[61] - INFO - Clicked on element with locator: tata_XPATH
2025-12-08 16:07:41,379 - conftest.py:[51] - INFO - Chrome browser launched
2025-12-08 16:07:43,078 - test_carwale.py:[26] - INFO - Starting test_signup in directory: D:\Programming\PythonProgramming\PageObjectModelFramework
2025-12-08 16:07:43,078 - test_carwale.py:[27] - INFO - **********Inside New Cars Test**********
2025-12-08 16:07:43,354 - base_page.py:[184] - INFO - Moved to element with locator: newCar_XPATH
2025-12-08 16:07:43,432 - base_page.py:[61] - INFO - Clicked on element with locator: findNewCars_XPATH
2025-12-08 16:07:43,675 - base_page.py:[61] - INFO - Clicked on element with locator: maruti_XPATH
