2025-12-08 18:17:24,871 - test_carwale.py:[26] - INFO - Starting test_signup in directory: D:\Programming\PythonProgramming\PageObjectModelFramework
2025-12-08 18:17:24,872 - test_carwale.py:[27] - INFO - **********Inside New Cars Test**********
2025-12-08 18:17:31,779 - test_carwale.py:[26] - INFO - Starting test_signup in directory: D:\Programming\PythonProgramming\PageObjectModelFramework
2025-12-08 18:17:31,779 - test_carwale.py:[27] - INFO - **********Inside New Cars Test**********
2025-12-08 18:17:32,483 - test_carwale.py:[42] - INFO - Car Title: Toyota Cars
2025-12-08 18:17:32,732 - test_carwale.py:[46] - INFO - Toyota Urban Cruiser Hyryder: Rs. 10.95 Lakh
2025-12-08 18:17:32,732 - test_carwale.py:[46] - INFO - Toyota Fortuner: Rs. 33.64 Lakh
2025-12-08 18:17:32,732 - test_carwale.py:[46] - INFO - Toyota Urban Cruiser Taisor: Rs. 7.21 Lakh
2025-12-08 18:17:32,732 - test_carwale.py:[46] - INFO - Toyota Innova Hycross: Rs. 18.86 Lakh
2025-12-08 18:17:32,732 - test_carwale.py:[46] - INFO - Toyota Glanza: Rs. 6.39 Lakh
2025-12-08 18:17:32,733 - test_carwale.py:[46] - INFO - Toyota Innova Crysta: Rs. 18.66 Lakh
2025-12-08 18:17:32,733 - test_carwale.py:[46] - INFO - Toyota Hilux: Rs. 28.02 Lakh
2025-12-08 18:17:32,733 - test_carwale.py:[46] - INFO - Toyota Camry: Rs. 47.48 Lakh
2025-12-08 18:17:32,733 - test_carwale.py:[46] - INFO - Toyota Vellfire: Rs. 41.54 Lakh
2025-12-08 18:17:32,733 - test_carwale.py:[46] - INFO - Toyota Fortuner Legender: Rs. 41.54 Lakh
2025-12-08 18:17:32,733 - test_carwale.py:[46] - INFO - Toyota Land Cruiser: Rs. 10.44 Lakh
2025-12-08 18:17:32,733 - test_carwale.py:[46] - INFO - Toyota Rumion: Rs. 10.44 Lakh
2025-12-08 18:17:32,733 - test_carwale.py:[46] - INFO - Toyota Urban Cruiser EV: Rs. 20.00 Lakh
2025-12-08 18:17:32,733 - test_carwale.py:[46] - INFO - Toyota Urban Cruiser Hyryder 7 seater: Rs. 21.00 Lakh
2025-12-08 18:17:32,733 - test_carwale.py:[46] - INFO - Toyota BZ4X: Rs. 60.00 Lakh
2025-12-08 18:17:32,733 - test_carwale.py:[46] - INFO - Toyota New Land Cruiser FJ: Rs. 20.00 Lakh
2025-12-08 18:17:38,830 - test_carwale.py:[26] - INFO - Starting test_signup in directory: D:\Programming\PythonProgramming\PageObjectModelFramework
2025-12-08 18:17:38,830 - test_carwale.py:[27] - INFO - **********Inside New Cars Test**********
2025-12-08 18:17:39,561 - test_carwale.py:[42] - INFO - Car Title: Tata Cars
2025-12-08 18:17:39,925 - test_carwale.py:[46] - INFO - Tata Safari 1.5 Turbo Gdi Petrol AT: Rs. 16.85 Lakh
2025-12-08 18:17:39,925 - test_carwale.py:[46] - INFO - Tata Harrier 1.5 Turbo Gdi Petrol AT: Rs. 16.00 Lakh
2025-12-08 18:17:39,925 - test_carwale.py:[46] - INFO - Tata Nexon: Rs. 8.00 Lakh
2025-12-08 18:17:39,925 - test_carwale.py:[46] - INFO - Tata Sierra: Rs. 11.49 Lakh
2025-12-08 18:17:39,925 - test_carwale.py:[46] - INFO - Tata Punch: Rs. 5.50 Lakh
2025-12-08 18:17:39,925 - test_carwale.py:[46] - INFO - Tata Tiago: Rs. 4.57 Lakh
2025-12-08 18:17:39,925 - test_carwale.py:[46] - INFO - Tata Harrier: Rs. 14.00 Lakh
2025-12-08 18:17:39,925 - test_carwale.py:[46] - INFO - Tata Curvv: Rs. 9.66 Lakh
2025-12-08 18:17:39,925 - test_carwale.py:[46] - INFO - Tata Altroz: Rs. 6.30 Lakh
2025-12-08 18:17:39,925 - test_carwale.py:[46] - INFO - Tata Safari: Rs. 14.66 Lakh
2025-12-08 18:17:39,925 - test_carwale.py:[46] - INFO - Tata Harrier EV: Rs. 21.49 Lakh
2025-12-08 18:17:39,925 - test_carwale.py:[46] - INFO - Tata Tigor: Rs. 5.49 Lakh
2025-12-08 18:17:39,925 - test_carwale.py:[46] - INFO - Tata Nexon EV: Rs. 12.49 Lakh
2025-12-08 18:17:39,925 - test_carwale.py:[46] - INFO - Tata Punch EV: Rs. 9.99 Lakh
2025-12-08 18:17:39,925 - test_carwale.py:[46] - INFO - Tata Tiago EV: Rs. 7.99 Lakh
2025-12-08 18:17:39,925 - test_carwale.py:[46] - INFO - Tata Curvv EV: Rs. 17.49 Lakh
2025-12-08 18:17:39,925 - test_carwale.py:[46] - INFO - Tata Tiago NRG: Rs. 6.68 Lakh
2025-12-08 18:17:39,925 - test_carwale.py:[46] - INFO - Tata Tigor EV: Rs. 12.49 Lakh
2025-12-08 18:17:39,925 - test_carwale.py:[46] - INFO - Tata Sierra EV: Rs. 20.00 Lakh
2025-12-08 18:17:39,926 - test_carwale.py:[46] - INFO - Tata Punch Facelift: Rs. 6.00 Lakh
2025-12-08 18:17:39,926 - test_carwale.py:[46] - INFO - Tata Safari EV: Rs. 26.00 Lakh
2025-12-08 18:17:39,926 - test_carwale.py:[46] - INFO - Tata Altroz EV: Rs. 12.00 Lakh
2025-12-08 18:17:39,926 - test_carwale.py:[46] - INFO - Tata Avinya: Rs. 30.00 Lakh
2025-12-08 18:17:46,090 - test_carwale.py:[26] - INFO - Starting test_signup in directory: D:\Programming\PythonProgramming\PageObjectModelFramework
2025-12-08 18:17:46,090 - test_carwale.py:[27] - INFO - **********Inside New Cars Test**********
