2025-12-08 15:53:43,353 - conftest.py:[51] - INFO - Chrome browser launched
2025-12-08 15:53:44,702 - test_carwale.py:[26] - INFO - Starting test_signup in directory: D:\Programming\PythonProgramming\PageObjectModelFramework
2025-12-08 15:53:44,703 - test_carwale.py:[27] - INFO - **********Inside New Cars Test**********
2025-12-08 15:53:44,982 - base_page.py:[184] - INFO - Moved to element with locator: newCar_XPATH
2025-12-08 15:53:45,058 - base_page.py:[61] - INFO - Clicked on element with locator: findNewCars_XPATH
2025-12-08 15:53:45,213 - base_page.py:[61] - INFO - Clicked on element with locator: hyundai_XPATH
2025-12-08 15:53:50,290 - conftest.py:[51] - INFO - Chrome browser launched
2025-12-08 15:53:51,576 - test_carwale.py:[26] - INFO - Starting test_signup in directory: D:\Programming\PythonProgramming\PageObjectModelFramework
2025-12-08 15:53:51,576 - test_carwale.py:[27] - INFO - **********Inside New Cars Test**********
2025-12-08 15:53:51,849 - base_page.py:[184] - INFO - Moved to element with locator: newCar_XPATH
2025-12-08 15:53:51,926 - base_page.py:[61] - INFO - Clicked on element with locator: findNewCars_XPATH
2025-12-08 15:53:52,167 - base_page.py:[61] - INFO - Clicked on element with locator: toyota_XPATH
2025-12-08 15:53:57,503 - conftest.py:[51] - INFO - Chrome browser launched
2025-12-08 15:53:59,020 - test_carwale.py:[26] - INFO - Starting test_signup in directory: D:\Programming\PythonProgramming\PageObjectModelFramework
2025-12-08 15:53:59,020 - test_carwale.py:[27] - INFO - **********Inside New Cars Test**********
2025-12-08 15:53:59,296 - base_page.py:[184] - INFO - Moved to element with locator: newCar_XPATH
2025-12-08 15:53:59,375 - base_page.py:[61] - INFO - Clicked on element with locator: findNewCars_XPATH
2025-12-08 15:53:59,532 - base_page.py:[61] - INFO - Clicked on element with locator: tata_XPATH
2025-12-08 15:54:04,345 - conftest.py:[51] - INFO - Chrome browser launched
2025-12-08 15:54:05,840 - test_carwale.py:[26] - INFO - Starting test_signup in directory: D:\Programming\PythonProgramming\PageObjectModelFramework
2025-12-08 15:54:05,840 - test_carwale.py:[27] - INFO - **********Inside New Cars Test**********
2025-12-08 15:54:06,125 - base_page.py:[184] - INFO - Moved to element with locator: newCar_XPATH
2025-12-08 15:54:06,228 - base_page.py:[61] - INFO - Clicked on element with locator: findNewCars_XPATH
2025-12-08 15:54:06,378 - base_page.py:[61] - INFO - Clicked on element with locator: maruti_XPATH
