2025-12-08 16:10:20,642 - conftest.py:[51] - INFO - Chrome browser launched
2025-12-08 16:10:21,901 - test_carwale.py:[26] - INFO - Starting test_signup in directory: D:\Programming\PythonProgramming\PageObjectModelFramework
2025-12-08 16:10:21,901 - test_carwale.py:[27] - INFO - **********Inside New Cars Test**********
2025-12-08 16:10:22,186 - base_page.py:[184] - INFO - Moved to element with locator: newCar_XPATH
2025-12-08 16:10:22,259 - base_page.py:[61] - INFO - Clicked on element with locator: findNewCars_XPATH
2025-12-08 16:10:22,490 - base_page.py:[61] - INFO - Clicked on element with locator: hyundai_XPATH
2025-12-08 16:10:27,502 - conftest.py:[51] - INFO - Chrome browser launched
2025-12-08 16:10:29,886 - test_carwale.py:[26] - INFO - Starting test_signup in directory: D:\Programming\PythonProgramming\PageObjectModelFramework
2025-12-08 16:10:29,886 - test_carwale.py:[27] - INFO - **********Inside New Cars Test**********
2025-12-08 16:10:30,171 - base_page.py:[184] - INFO - Moved to element with locator: newCar_XPATH
2025-12-08 16:10:30,250 - base_page.py:[61] - INFO - Clicked on element with locator: findNewCars_XPATH
2025-12-08 16:10:30,493 - base_page.py:[61] - INFO - Clicked on element with locator: toyota_XPATH
2025-12-08 16:10:35,556 - conftest.py:[51] - INFO - Chrome browser launched
2025-12-08 16:10:36,780 - test_carwale.py:[26] - INFO - Starting test_signup in directory: D:\Programming\PythonProgramming\PageObjectModelFramework
2025-12-08 16:10:36,780 - test_carwale.py:[27] - INFO - **********Inside New Cars Test**********
2025-12-08 16:10:37,067 - base_page.py:[184] - INFO - Moved to element with locator: newCar_XPATH
2025-12-08 16:10:37,144 - base_page.py:[61] - INFO - Clicked on element with locator: findNewCars_XPATH
2025-12-08 16:10:37,354 - base_page.py:[61] - INFO - Clicked on element with locator: tata_XPATH
2025-12-08 16:10:42,364 - conftest.py:[51] - INFO - Chrome browser launched
2025-12-08 16:10:43,769 - test_carwale.py:[26] - INFO - Starting test_signup in directory: D:\Programming\PythonProgramming\PageObjectModelFramework
2025-12-08 16:10:43,769 - test_carwale.py:[27] - INFO - **********Inside New Cars Test**********
2025-12-08 16:10:44,055 - base_page.py:[184] - INFO - Moved to element with locator: newCar_XPATH
2025-12-08 16:10:44,131 - base_page.py:[61] - INFO - Clicked on element with locator: findNewCars_XPATH
2025-12-08 16:10:44,309 - base_page.py:[61] - INFO - Clicked on element with locator: maruti_XPATH
