2025-12-08 17:24:03,318 - conftest.py:[51] - INFO - Chrome browser launched
2025-12-08 17:24:04,585 - test_carwale.py:[26] - INFO - Starting test_signup in directory: D:\Programming\PythonProgramming\PageObjectModelFramework
2025-12-08 17:24:04,586 - test_carwale.py:[27] - INFO - **********Inside New Cars Test**********
2025-12-08 17:24:04,870 - base_page.py:[184] - INFO - Moved to element with locator: newCar_XPATH
2025-12-08 17:24:04,944 - base_page.py:[61] - INFO - Clicked on element with locator: findNewCars_XPATH
2025-12-08 17:24:05,124 - base_page.py:[61] - INFO - Clicked on element with locator: hyundai_XPATH
2025-12-08 17:24:15,396 - conftest.py:[51] - INFO - Chrome browser launched
2025-12-08 17:24:16,445 - test_carwale.py:[26] - INFO - Starting test_signup in directory: D:\Programming\PythonProgramming\PageObjectModelFramework
2025-12-08 17:24:16,445 - test_carwale.py:[27] - INFO - **********Inside New Cars Test**********
2025-12-08 17:24:16,731 - base_page.py:[184] - INFO - Moved to element with locator: newCar_XPATH
2025-12-08 17:24:16,816 - base_page.py:[61] - INFO - Clicked on element with locator: findNewCars_XPATH
2025-12-08 17:24:17,049 - base_page.py:[61] - INFO - Clicked on element with locator: toyota_XPATH
2025-12-08 17:24:27,254 - conftest.py:[51] - INFO - Chrome browser launched
2025-12-08 17:24:28,298 - test_carwale.py:[26] - INFO - Starting test_signup in directory: D:\Programming\PythonProgramming\PageObjectModelFramework
2025-12-08 17:24:28,298 - test_carwale.py:[27] - INFO - **********Inside New Cars Test**********
2025-12-08 17:24:28,587 - base_page.py:[184] - INFO - Moved to element with locator: newCar_XPATH
2025-12-08 17:24:28,662 - base_page.py:[61] - INFO - Clicked on element with locator: findNewCars_XPATH
2025-12-08 17:24:29,017 - base_page.py:[61] - INFO - Clicked on element with locator: tata_XPATH
2025-12-08 17:24:39,177 - conftest.py:[51] - INFO - Chrome browser launched
2025-12-08 17:24:40,621 - test_carwale.py:[26] - INFO - Starting test_signup in directory: D:\Programming\PythonProgramming\PageObjectModelFramework
2025-12-08 17:24:40,621 - test_carwale.py:[27] - INFO - **********Inside New Cars Test**********
2025-12-08 17:24:40,913 - base_page.py:[184] - INFO - Moved to element with locator: newCar_XPATH
2025-12-08 17:24:41,010 - base_page.py:[61] - INFO - Clicked on element with locator: findNewCars_XPATH
2025-12-08 17:24:41,182 - base_page.py:[61] - INFO - Clicked on element with locator: maruti_XPATH
