2025-12-08 16:34:16,700 - conftest.py:[51] - INFO - Chrome browser launched
2025-12-08 16:34:19,036 - test_carwale.py:[26] - INFO - Starting test_signup in directory: D:\Programming\PythonProgramming\PageObjectModelFramework
2025-12-08 16:34:19,036 - test_carwale.py:[27] - INFO - **********Inside New Cars Test**********
2025-12-08 16:34:19,311 - base_page.py:[184] - INFO - Moved to element with locator: newCar_XPATH
2025-12-08 16:34:19,382 - base_page.py:[61] - INFO - Clicked on element with locator: findNewCars_XPATH
2025-12-08 16:34:19,654 - base_page.py:[61] - INFO - Clicked on element with locator: hyundai_XPATH
2025-12-08 16:34:25,252 - conftest.py:[51] - INFO - Chrome browser launched
2025-12-08 16:34:26,350 - test_carwale.py:[26] - INFO - Starting test_signup in directory: D:\Programming\PythonProgramming\PageObjectModelFramework
2025-12-08 16:34:26,350 - test_carwale.py:[27] - INFO - **********Inside New Cars Test**********
2025-12-08 16:34:26,634 - base_page.py:[184] - INFO - Moved to element with locator: newCar_XPATH
2025-12-08 16:34:26,712 - base_page.py:[61] - INFO - Clicked on element with locator: findNewCars_XPATH
2025-12-08 16:34:26,888 - base_page.py:[61] - INFO - Clicked on element with locator: toyota_XPATH
2025-12-08 16:34:32,169 - conftest.py:[51] - INFO - Chrome browser launched
2025-12-08 16:34:33,738 - test_carwale.py:[26] - INFO - Starting test_signup in directory: D:\Programming\PythonProgramming\PageObjectModelFramework
2025-12-08 16:34:33,738 - test_carwale.py:[27] - INFO - **********Inside New Cars Test**********
2025-12-08 16:34:34,017 - base_page.py:[184] - INFO - Moved to element with locator: newCar_XPATH
2025-12-08 16:34:34,119 - base_page.py:[61] - INFO - Clicked on element with locator: findNewCars_XPATH
2025-12-08 16:34:34,290 - base_page.py:[61] - INFO - Clicked on element with locator: tata_XPATH
2025-12-08 16:34:44,824 - conftest.py:[51] - INFO - Chrome browser launched
2025-12-08 16:34:46,027 - test_carwale.py:[26] - INFO - Starting test_signup in directory: D:\Programming\PythonProgramming\PageObjectModelFramework
2025-12-08 16:34:46,027 - test_carwale.py:[27] - INFO - **********Inside New Cars Test**********
2025-12-08 16:34:46,317 - base_page.py:[184] - INFO - Moved to element with locator: newCar_XPATH
2025-12-08 16:34:46,385 - base_page.py:[61] - INFO - Clicked on element with locator: findNewCars_XPATH
2025-12-08 16:34:46,618 - base_page.py:[61] - INFO - Clicked on element with locator: maruti_XPATH
