2025-12-08 16:26:04,166 - conftest.py:[51] - INFO - Chrome browser launched
2025-12-08 16:26:05,830 - test_carwale.py:[26] - INFO - Starting test_signup in directory: D:\Programming\PythonProgramming\PageObjectModelFramework
2025-12-08 16:26:05,830 - test_carwale.py:[27] - INFO - **********Inside New Cars Test**********
2025-12-08 16:26:06,103 - base_page.py:[184] - INFO - Moved to element with locator: newCar_XPATH
2025-12-08 16:26:06,183 - base_page.py:[61] - INFO - Clicked on element with locator: findNewCars_XPATH
2025-12-08 16:26:06,362 - base_page.py:[61] - INFO - Clicked on element with locator: hyundai_XPATH
2025-12-08 16:26:12,003 - conftest.py:[51] - INFO - Chrome browser launched
2025-12-08 16:26:13,305 - test_carwale.py:[26] - INFO - Starting test_signup in directory: D:\Programming\PythonProgramming\PageObjectModelFramework
2025-12-08 16:26:13,306 - test_carwale.py:[27] - INFO - **********Inside New Cars Test**********
2025-12-08 16:26:13,585 - base_page.py:[184] - INFO - Moved to element with locator: newCar_XPATH
2025-12-08 16:26:13,677 - base_page.py:[61] - INFO - Clicked on element with locator: findNewCars_XPATH
2025-12-08 16:26:13,909 - base_page.py:[61] - INFO - Clicked on element with locator: toyota_XPATH
2025-12-08 16:26:19,504 - conftest.py:[51] - INFO - Chrome browser launched
2025-12-08 16:26:20,985 - test_carwale.py:[26] - INFO - Starting test_signup in directory: D:\Programming\PythonProgramming\PageObjectModelFramework
2025-12-08 16:26:20,985 - test_carwale.py:[27] - INFO - **********Inside New Cars Test**********
2025-12-08 16:26:21,264 - base_page.py:[184] - INFO - Moved to element with locator: newCar_XPATH
2025-12-08 16:26:21,339 - base_page.py:[61] - INFO - Clicked on element with locator: findNewCars_XPATH
2025-12-08 16:26:21,512 - base_page.py:[61] - INFO - Clicked on element with locator: tata_XPATH
2025-12-08 16:26:32,101 - conftest.py:[51] - INFO - Chrome browser launched
2025-12-08 16:26:33,152 - test_carwale.py:[26] - INFO - Starting test_signup in directory: D:\Programming\PythonProgramming\PageObjectModelFramework
2025-12-08 16:26:33,152 - test_carwale.py:[27] - INFO - **********Inside New Cars Test**********
2025-12-08 16:26:33,438 - base_page.py:[184] - INFO - Moved to element with locator: newCar_XPATH
2025-12-08 16:26:33,521 - base_page.py:[61] - INFO - Clicked on element with locator: findNewCars_XPATH
2025-12-08 16:26:33,706 - base_page.py:[61] - INFO - Clicked on element with locator: maruti_XPATH
