2025-12-08 15:52:06,083 - conftest.py:[51] - INFO - Chrome browser launched
2025-12-08 15:52:08,407 - test_carwale.py:[26] - INFO - Starting test_signup in directory: D:\Programming\PythonProgramming\PageObjectModelFramework
2025-12-08 15:52:08,407 - test_carwale.py:[27] - INFO - **********Inside New Cars Test**********
2025-12-08 15:52:08,688 - base_page.py:[184] - INFO - Moved to element with locator: newCar_XPATH
2025-12-08 15:52:08,765 - base_page.py:[61] - INFO - Clicked on element with locator: findNewCars_XPATH
2025-12-08 15:52:08,944 - base_page.py:[61] - INFO - Clicked on element with locator: hyundai_XPATH
2025-12-08 15:52:13,862 - conftest.py:[51] - INFO - Chrome browser launched
2025-12-08 15:52:15,113 - test_carwale.py:[26] - INFO - Starting test_signup in directory: D:\Programming\PythonProgramming\PageObjectModelFramework
2025-12-08 15:52:15,113 - test_carwale.py:[27] - INFO - **********Inside New Cars Test**********
2025-12-08 15:52:15,387 - base_page.py:[184] - INFO - Moved to element with locator: newCar_XPATH
2025-12-08 15:52:15,466 - base_page.py:[61] - INFO - Clicked on element with locator: findNewCars_XPATH
2025-12-08 15:52:15,701 - base_page.py:[61] - INFO - Clicked on element with locator: toyota_XPATH
2025-12-08 15:52:20,820 - conftest.py:[51] - INFO - Chrome browser launched
2025-12-08 15:52:22,028 - test_carwale.py:[26] - INFO - Starting test_signup in directory: D:\Programming\PythonProgramming\PageObjectModelFramework
2025-12-08 15:52:22,028 - test_carwale.py:[27] - INFO - **********Inside New Cars Test**********
2025-12-08 15:52:22,306 - base_page.py:[184] - INFO - Moved to element with locator: newCar_XPATH
2025-12-08 15:52:22,383 - base_page.py:[61] - INFO - Clicked on element with locator: findNewCars_XPATH
2025-12-08 15:52:22,655 - base_page.py:[61] - INFO - Clicked on element with locator: tata_XPATH
2025-12-08 15:52:27,394 - conftest.py:[51] - INFO - Chrome browser launched
2025-12-08 15:52:28,632 - test_carwale.py:[26] - INFO - Starting test_signup in directory: D:\Programming\PythonProgramming\PageObjectModelFramework
2025-12-08 15:52:28,632 - test_carwale.py:[27] - INFO - **********Inside New Cars Test**********
2025-12-08 15:52:28,912 - base_page.py:[184] - INFO - Moved to element with locator: newCar_XPATH
2025-12-08 15:52:28,999 - base_page.py:[61] - INFO - Clicked on element with locator: findNewCars_XPATH
2025-12-08 15:52:29,170 - base_page.py:[61] - INFO - Clicked on element with locator: maruti_XPATH
