2025-12-08 18:03:54,050 - test_carwale.py:[26] - INFO - Starting test_signup in directory: D:\Programming\PythonProgramming\PageObjectModelFramework
2025-12-08 18:03:54,050 - test_carwale.py:[27] - INFO - **********Inside New Cars Test**********
2025-12-08 18:03:54,346 - base_page.py:[189] - INFO - Moved to element with locator: newCar_XPATH
2025-12-08 18:03:54,428 - base_page.py:[66] - INFO - Clicked on element with locator: findNewCars_XPATH
2025-12-08 18:03:54,650 - base_page.py:[66] - INFO - Clicked on element with locator: hyundai_XPATH
2025-12-08 18:04:06,540 - test_carwale.py:[26] - INFO - Starting test_signup in directory: D:\Programming\PythonProgramming\PageObjectModelFramework
2025-12-08 18:04:06,540 - test_carwale.py:[27] - INFO - **********Inside New Cars Test**********
2025-12-08 18:04:06,821 - base_page.py:[189] - INFO - Moved to element with locator: newCar_XPATH
2025-12-08 18:04:06,895 - base_page.py:[66] - INFO - Clicked on element with locator: findNewCars_XPATH
2025-12-08 18:04:07,160 - base_page.py:[66] - INFO - Clicked on element with locator: toyota_XPATH
2025-12-08 18:04:18,657 - test_carwale.py:[26] - INFO - Starting test_signup in directory: D:\Programming\PythonProgramming\PageObjectModelFramework
2025-12-08 18:04:18,657 - test_carwale.py:[27] - INFO - **********Inside New Cars Test**********
2025-12-08 18:04:18,938 - base_page.py:[189] - INFO - Moved to element with locator: newCar_XPATH
2025-12-08 18:04:19,024 - base_page.py:[66] - INFO - Clicked on element with locator: findNewCars_XPATH
2025-12-08 18:04:19,228 - base_page.py:[66] - INFO - Clicked on element with locator: tata_XPATH
2025-12-08 18:04:30,702 - test_carwale.py:[26] - INFO - Starting test_signup in directory: D:\Programming\PythonProgramming\PageObjectModelFramework
2025-12-08 18:04:30,702 - test_carwale.py:[27] - INFO - **********Inside New Cars Test**********
2025-12-08 18:04:30,989 - base_page.py:[189] - INFO - Moved to element with locator: newCar_XPATH
2025-12-08 18:04:31,070 - base_page.py:[66] - INFO - Clicked on element with locator: findNewCars_XPATH
2025-12-08 18:04:31,323 - base_page.py:[66] - INFO - Clicked on element with locator: maruti_XPATH
