2025-12-08 15:54:21,120 - conftest.py:[51] - INFO - Chrome browser launched
2025-12-08 15:54:22,399 - test_carwale.py:[26] - INFO - Starting test_signup in directory: D:\Programming\PythonProgramming\PageObjectModelFramework
2025-12-08 15:54:22,399 - test_carwale.py:[27] - INFO - **********Inside New Cars Test**********
2025-12-08 15:54:22,678 - base_page.py:[184] - INFO - Moved to element with locator: newCar_XPATH
2025-12-08 15:54:22,756 - base_page.py:[61] - INFO - Clicked on element with locator: findNewCars_XPATH
2025-12-08 15:54:22,996 - base_page.py:[61] - INFO - Clicked on element with locator: hyundai_XPATH
2025-12-08 15:54:33,081 - conftest.py:[51] - INFO - Chrome browser launched
2025-12-08 15:54:34,266 - test_carwale.py:[26] - INFO - Starting test_signup in directory: D:\Programming\PythonProgramming\PageObjectModelFramework
2025-12-08 15:54:34,266 - test_carwale.py:[27] - INFO - **********Inside New Cars Test**********
2025-12-08 15:54:34,547 - base_page.py:[184] - INFO - Moved to element with locator: newCar_XPATH
2025-12-08 15:54:34,625 - base_page.py:[61] - INFO - Clicked on element with locator: findNewCars_XPATH
2025-12-08 15:54:34,861 - base_page.py:[61] - INFO - Clicked on element with locator: toyota_XPATH
2025-12-08 15:54:45,045 - conftest.py:[51] - INFO - Chrome browser launched
2025-12-08 15:54:46,414 - test_carwale.py:[26] - INFO - Starting test_signup in directory: D:\Programming\PythonProgramming\PageObjectModelFramework
2025-12-08 15:54:46,414 - test_carwale.py:[27] - INFO - **********Inside New Cars Test**********
2025-12-08 15:54:46,694 - base_page.py:[184] - INFO - Moved to element with locator: newCar_XPATH
2025-12-08 15:54:46,774 - base_page.py:[61] - INFO - Clicked on element with locator: findNewCars_XPATH
2025-12-08 15:54:47,034 - base_page.py:[61] - INFO - Clicked on element with locator: tata_XPATH
2025-12-08 15:54:57,187 - conftest.py:[51] - INFO - Chrome browser launched
2025-12-08 15:54:59,545 - test_carwale.py:[26] - INFO - Starting test_signup in directory: D:\Programming\PythonProgramming\PageObjectModelFramework
2025-12-08 15:54:59,546 - test_carwale.py:[27] - INFO - **********Inside New Cars Test**********
2025-12-08 15:54:59,829 - base_page.py:[184] - INFO - Moved to element with locator: newCar_XPATH
2025-12-08 15:54:59,902 - base_page.py:[61] - INFO - Clicked on element with locator: findNewCars_XPATH
2025-12-08 15:55:00,145 - base_page.py:[61] - INFO - Clicked on element with locator: maruti_XPATH
