2025-12-08 16:52:19,689 - conftest.py:[51] - INFO - Chrome browser launched
2025-12-08 16:52:21,223 - test_carwale.py:[26] - INFO - Starting test_signup in directory: D:\Programming\PythonProgramming\PageObjectModelFramework
2025-12-08 16:52:21,223 - test_carwale.py:[27] - INFO - **********Inside New Cars Test**********
2025-12-08 16:52:21,507 - base_page.py:[184] - INFO - Moved to element with locator: newCar_XPATH
2025-12-08 16:52:21,584 - base_page.py:[61] - INFO - Clicked on element with locator: findNewCars_XPATH
2025-12-08 16:52:21,752 - base_page.py:[61] - INFO - Clicked on element with locator: hyundai_XPATH
2025-12-08 16:52:52,239 - conftest.py:[51] - INFO - Chrome browser launched
2025-12-08 16:52:53,386 - test_carwale.py:[26] - INFO - Starting test_signup in directory: D:\Programming\PythonProgramming\PageObjectModelFramework
2025-12-08 16:52:53,386 - test_carwale.py:[27] - INFO - **********Inside New Cars Test**********
2025-12-08 16:52:53,672 - base_page.py:[184] - INFO - Moved to element with locator: newCar_XPATH
2025-12-08 16:52:53,772 - base_page.py:[61] - INFO - Clicked on element with locator: findNewCars_XPATH
2025-12-08 16:52:53,943 - base_page.py:[61] - INFO - Clicked on element with locator: toyota_XPATH
2025-12-08 16:53:13,257 - conftest.py:[51] - INFO - Chrome browser launched
2025-12-08 16:53:14,550 - test_carwale.py:[26] - INFO - Starting test_signup in directory: D:\Programming\PythonProgramming\PageObjectModelFramework
2025-12-08 16:53:14,551 - test_carwale.py:[27] - INFO - **********Inside New Cars Test**********
2025-12-08 16:53:14,843 - base_page.py:[184] - INFO - Moved to element with locator: newCar_XPATH
2025-12-08 16:53:14,932 - base_page.py:[61] - INFO - Clicked on element with locator: findNewCars_XPATH
2025-12-08 16:53:15,074 - base_page.py:[61] - INFO - Clicked on element with locator: tata_XPATH
2025-12-08 16:54:16,899 - conftest.py:[51] - INFO - Chrome browser launched
2025-12-08 16:54:18,008 - test_carwale.py:[26] - INFO - Starting test_signup in directory: D:\Programming\PythonProgramming\PageObjectModelFramework
2025-12-08 16:54:18,009 - test_carwale.py:[27] - INFO - **********Inside New Cars Test**********
2025-12-08 16:54:18,303 - base_page.py:[184] - INFO - Moved to element with locator: newCar_XPATH
2025-12-08 16:54:18,400 - base_page.py:[61] - INFO - Clicked on element with locator: findNewCars_XPATH
2025-12-08 16:54:18,560 - base_page.py:[61] - INFO - Clicked on element with locator: maruti_XPATH
